2018-07-03 17:26:38 INFO  rmfTest:58 - start TestFourServersNoFailures
2018-07-03 17:26:38 INFO  rmfTest:28 - init server #0
2018-07-03 17:26:38 INFO  ServerViewController:66 - -- Using view stored on disk
2018-07-03 17:26:38 INFO  NettyClientServerCommunicationSystemClientSide:138 - Connecting to replica 0 at /127.0.0.1:13000
2018-07-03 17:26:38 INFO  NettyTOMMessageDecoder:85 - new NettyTOMMessageDecoder!!, isClient=true
2018-07-03 17:26:38 INFO  NettyClientServerCommunicationSystemServerSide:114 - -- ID = 0
2018-07-03 17:26:38 INFO  NettyClientServerCommunicationSystemServerSide:115 - -- N = 4
2018-07-03 17:26:38 INFO  NettyClientServerCommunicationSystemServerSide:116 - -- F = 1
2018-07-03 17:26:38 INFO  NettyClientServerCommunicationSystemServerSide:117 - -- Port = 13000
2018-07-03 17:26:38 INFO  NettyClientServerCommunicationSystemServerSide:118 - -- requestTimeout = 2000
2018-07-03 17:26:38 INFO  NettyClientServerCommunicationSystemServerSide:119 - -- maxBatch = 400
2018-07-03 17:26:38 INFO  NettyClientServerCommunicationSystemServerSide:120 - -- Using MACs
2018-07-03 17:26:38 INFO  ServiceReplica:161 - -- In current view: ID:0; F:1; Processes:0(/127.0.0.1:13000),1(/127.0.0.1:13010),2(/127.0.0.1:13020),3(/127.0.0.1:13030),
2018-07-03 17:26:38 INFO  NettyClientServerCommunicationSystemClientSide:138 - Connecting to replica 1 at /127.0.0.1:13010
2018-07-03 17:26:38 INFO  NettyClientServerCommunicationSystemClientSide:266 - Channel active
2018-07-03 17:26:38 INFO  NettyTOMMessageDecoder:85 - new NettyTOMMessageDecoder!!, isClient=false
2018-07-03 17:26:38 INFO  NettyTOMMessageDecoder:85 - new NettyTOMMessageDecoder!!, isClient=true
2018-07-03 17:26:38 INFO  NettyClientServerCommunicationSystemServerSide:200 - Session Created, active clients=0
2018-07-03 17:26:38 INFO  NettyClientServerCommunicationSystemServerSide:201 - Session Created, active clients=0
2018-07-03 17:26:38 WARN  NettyClientServerCommunicationSystemClientSide:144 - Impossible to connect to 1
2018-07-03 17:26:38 INFO  DeliveryThread:175 - -- Retrieving State
2018-07-03 17:26:38 INFO  NettyClientServerCommunicationSystemClientSide:138 - Connecting to replica 2 at /127.0.0.1:13020
2018-07-03 17:26:38 INFO  TOMLayer:333 - Running.
2018-07-03 17:26:38 INFO  TOMLayer:338 - Next leader for CID=0: 0
2018-07-03 17:26:38 INFO  TOMLayer:361 - (TOMLayer.run) I'm the leader.
2018-07-03 17:26:38 INFO  bbcServer:57 - getSnapshot called
2018-07-03 17:26:38 INFO  NettyTOMMessageDecoder:85 - new NettyTOMMessageDecoder!!, isClient=true
2018-07-03 17:26:38 WARN  NettyClientServerCommunicationSystemClientSide:144 - Impossible to connect to 2
2018-07-03 17:26:38 INFO  NettyClientServerCommunicationSystemClientSide:138 - Connecting to replica 3 at /127.0.0.1:13030
2018-07-03 17:26:38 INFO  ServerCommunicationSystem:145 - --------sending----------> bftsmart.statemanagement.strategy.StandardSMMessage@352bafb0
2018-07-03 17:26:38 INFO  ServerCommunicationSystem:145 - --------sending----------> bftsmart.statemanagement.strategy.StandardSMMessage@352bafb0
2018-07-03 17:26:38 INFO  ServerCommunicationSystem:119 - <-------receiving---------- bftsmart.statemanagement.strategy.StandardSMMessage@352bafb0
2018-07-03 17:26:38 INFO  ServerCommunicationSystem:145 - --------sending----------> bftsmart.statemanagement.strategy.StandardSMMessage@59a34eaf
2018-07-03 17:26:38 INFO  ServerCommunicationSystem:119 - <-------receiving---------- bftsmart.statemanagement.strategy.StandardSMMessage@59a34eaf
2018-07-03 17:26:38 INFO  NettyTOMMessageDecoder:85 - new NettyTOMMessageDecoder!!, isClient=true
2018-07-03 17:26:38 WARN  NettyClientServerCommunicationSystemClientSide:144 - Impossible to connect to 3
2018-07-03 17:26:38 INFO  rmfTest:28 - init server #1
2018-07-03 17:26:38 INFO  ServerViewController:66 - -- Using view stored on disk
2018-07-03 17:26:38 INFO  NettyClientServerCommunicationSystemClientSide:138 - Connecting to replica 0 at /127.0.0.1:13000
2018-07-03 17:26:38 INFO  NettyTOMMessageDecoder:85 - new NettyTOMMessageDecoder!!, isClient=true
2018-07-03 17:26:38 INFO  NettyClientServerCommunicationSystemClientSide:266 - Channel active
2018-07-03 17:26:38 INFO  NettyClientServerCommunicationSystemClientSide:138 - Connecting to replica 1 at /127.0.0.1:13010
2018-07-03 17:26:38 INFO  NettyTOMMessageDecoder:85 - new NettyTOMMessageDecoder!!, isClient=true
2018-07-03 17:26:38 INFO  NettyTOMMessageDecoder:85 - new NettyTOMMessageDecoder!!, isClient=false
2018-07-03 17:26:38 WARN  NettyClientServerCommunicationSystemClientSide:144 - Impossible to connect to 1
2018-07-03 17:26:38 INFO  ServerConnection:391 - -- Diffie-Hellman complete with 0
2018-07-03 17:26:38 INFO  NettyClientServerCommunicationSystemClientSide:138 - Connecting to replica 2 at /127.0.0.1:13020
2018-07-03 17:26:38 INFO  NettyClientServerCommunicationSystemServerSide:200 - Session Created, active clients=0
2018-07-03 17:26:38 INFO  NettyClientServerCommunicationSystemServerSide:201 - Session Created, active clients=0
2018-07-03 17:26:38 INFO  ServerConnection:391 - -- Diffie-Hellman complete with 1
2018-07-03 17:26:38 INFO  NettyTOMMessageDecoder:85 - new NettyTOMMessageDecoder!!, isClient=true
2018-07-03 17:26:38 WARN  NettyClientServerCommunicationSystemClientSide:144 - Impossible to connect to 2
2018-07-03 17:26:38 INFO  NettyClientServerCommunicationSystemClientSide:138 - Connecting to replica 3 at /127.0.0.1:13030
2018-07-03 17:26:38 INFO  NettyClientServerCommunicationSystemServerSide:114 - -- ID = 1
2018-07-03 17:26:38 INFO  NettyClientServerCommunicationSystemServerSide:115 - -- N = 4
2018-07-03 17:26:38 INFO  NettyClientServerCommunicationSystemServerSide:116 - -- F = 1
2018-07-03 17:26:38 INFO  NettyClientServerCommunicationSystemServerSide:117 - -- Port = 13010
2018-07-03 17:26:38 INFO  NettyClientServerCommunicationSystemServerSide:118 - -- requestTimeout = 2000
2018-07-03 17:26:38 INFO  NettyClientServerCommunicationSystemServerSide:119 - -- maxBatch = 400
2018-07-03 17:26:38 INFO  NettyClientServerCommunicationSystemServerSide:120 - -- Using MACs
2018-07-03 17:26:38 INFO  ServiceReplica:161 - -- In current view: ID:0; F:1; Processes:0(/127.0.0.1:13000),1(/127.0.0.1:13010),2(/127.0.0.1:13020),3(/127.0.0.1:13030),
2018-07-03 17:26:38 INFO  NettyTOMMessageDecoder:85 - new NettyTOMMessageDecoder!!, isClient=true
2018-07-03 17:26:38 WARN  NettyClientServerCommunicationSystemClientSide:144 - Impossible to connect to 3
2018-07-03 17:26:38 INFO  bbcServer:57 - getSnapshot called
2018-07-03 17:26:38 INFO  DeliveryThread:175 - -- Retrieving State
2018-07-03 17:26:38 INFO  ServerCommunicationSystem:145 - --------sending----------> bftsmart.statemanagement.strategy.StandardSMMessage@38f8f502
2018-07-03 17:26:38 INFO  ServerCommunicationSystem:145 - --------sending----------> bftsmart.statemanagement.strategy.StandardSMMessage@38f8f502
2018-07-03 17:26:38 INFO  ServerCommunicationSystem:119 - <-------receiving---------- bftsmart.statemanagement.strategy.StandardSMMessage@38f8f502
2018-07-03 17:26:38 INFO  ServerCommunicationSystem:145 - --------sending----------> bftsmart.statemanagement.strategy.StandardSMMessage@4ef816d6
2018-07-03 17:26:38 INFO  ServerCommunicationSystem:119 - <-------receiving---------- bftsmart.statemanagement.strategy.StandardSMMessage@4ef816d6
2018-07-03 17:26:38 INFO  TOMLayer:333 - Running.
2018-07-03 17:26:38 INFO  TOMLayer:338 - Next leader for CID=0: 0
2018-07-03 17:26:38 INFO  rmfTest:28 - init server #2
2018-07-03 17:26:38 INFO  NettyClientServerCommunicationSystemClientSide:138 - Connecting to replica 0 at /127.0.0.1:13000
2018-07-03 17:26:39 INFO  NettyTOMMessageDecoder:85 - new NettyTOMMessageDecoder!!, isClient=true
2018-07-03 17:26:39 INFO  ServerViewController:66 - -- Using view stored on disk
2018-07-03 17:26:39 INFO  NettyClientServerCommunicationSystemClientSide:266 - Channel active
2018-07-03 17:26:39 INFO  NettyClientServerCommunicationSystemClientSide:138 - Connecting to replica 1 at /127.0.0.1:13010
2018-07-03 17:26:39 INFO  NettyTOMMessageDecoder:85 - new NettyTOMMessageDecoder!!, isClient=false
2018-07-03 17:26:39 INFO  NettyTOMMessageDecoder:85 - new NettyTOMMessageDecoder!!, isClient=true
2018-07-03 17:26:39 INFO  NettyClientServerCommunicationSystemServerSide:200 - Session Created, active clients=0
2018-07-03 17:26:39 INFO  NettyClientServerCommunicationSystemServerSide:201 - Session Created, active clients=0
2018-07-03 17:26:39 INFO  NettyClientServerCommunicationSystemClientSide:266 - Channel active
2018-07-03 17:26:39 INFO  NettyClientServerCommunicationSystemClientSide:138 - Connecting to replica 2 at /127.0.0.1:13020
2018-07-03 17:26:39 INFO  NettyTOMMessageDecoder:85 - new NettyTOMMessageDecoder!!, isClient=false
2018-07-03 17:26:39 INFO  NettyClientServerCommunicationSystemServerSide:200 - Session Created, active clients=0
2018-07-03 17:26:39 INFO  NettyClientServerCommunicationSystemServerSide:201 - Session Created, active clients=0
2018-07-03 17:26:39 INFO  ServerConnection:391 - -- Diffie-Hellman complete with 2
2018-07-03 17:26:39 INFO  NettyTOMMessageDecoder:85 - new NettyTOMMessageDecoder!!, isClient=true
2018-07-03 17:26:39 WARN  NettyClientServerCommunicationSystemClientSide:144 - Impossible to connect to 2
2018-07-03 17:26:39 INFO  ServerConnection:391 - -- Diffie-Hellman complete with 0
2018-07-03 17:26:39 INFO  NettyClientServerCommunicationSystemClientSide:138 - Connecting to replica 3 at /127.0.0.1:13030
2018-07-03 17:26:39 INFO  NettyTOMMessageDecoder:85 - new NettyTOMMessageDecoder!!, isClient=true
2018-07-03 17:26:39 WARN  NettyClientServerCommunicationSystemClientSide:144 - Impossible to connect to 3
2018-07-03 17:26:39 INFO  rmfTest:28 - init server #3
2018-07-03 17:26:39 INFO  ServerConnection:391 - -- Diffie-Hellman complete with 1
2018-07-03 17:26:39 INFO  ServerConnection:391 - -- Diffie-Hellman complete with 2
2018-07-03 17:26:39 INFO  ServerViewController:66 - -- Using view stored on disk
2018-07-03 17:26:39 INFO  NettyClientServerCommunicationSystemClientSide:138 - Connecting to replica 0 at /127.0.0.1:13000
2018-07-03 17:26:39 INFO  NettyTOMMessageDecoder:85 - new NettyTOMMessageDecoder!!, isClient=true
2018-07-03 17:26:39 INFO  NettyClientServerCommunicationSystemClientSide:266 - Channel active
2018-07-03 17:26:39 INFO  ServerConnection:391 - -- Diffie-Hellman complete with 3
2018-07-03 17:26:39 INFO  NettyClientServerCommunicationSystemClientSide:138 - Connecting to replica 1 at /127.0.0.1:13010
2018-07-03 17:26:39 INFO  NettyTOMMessageDecoder:85 - new NettyTOMMessageDecoder!!, isClient=false
2018-07-03 17:26:39 INFO  NettyTOMMessageDecoder:85 - new NettyTOMMessageDecoder!!, isClient=true
2018-07-03 17:26:39 INFO  NettyClientServerCommunicationSystemServerSide:200 - Session Created, active clients=0
2018-07-03 17:26:39 INFO  NettyClientServerCommunicationSystemServerSide:114 - -- ID = 2
2018-07-03 17:26:39 INFO  NettyClientServerCommunicationSystemServerSide:115 - -- N = 4
2018-07-03 17:26:39 INFO  NettyClientServerCommunicationSystemServerSide:116 - -- F = 1
2018-07-03 17:26:39 INFO  NettyClientServerCommunicationSystemServerSide:117 - -- Port = 13020
2018-07-03 17:26:39 INFO  NettyClientServerCommunicationSystemServerSide:118 - -- requestTimeout = 2000
2018-07-03 17:26:39 INFO  NettyClientServerCommunicationSystemServerSide:119 - -- maxBatch = 400
2018-07-03 17:26:39 INFO  NettyClientServerCommunicationSystemServerSide:120 - -- Using MACs
2018-07-03 17:26:39 INFO  ServiceReplica:161 - -- In current view: ID:0; F:1; Processes:0(/127.0.0.1:13000),1(/127.0.0.1:13010),2(/127.0.0.1:13020),3(/127.0.0.1:13030),
2018-07-03 17:26:39 INFO  NettyClientServerCommunicationSystemServerSide:201 - Session Created, active clients=0
2018-07-03 17:26:39 INFO  NettyClientServerCommunicationSystemClientSide:266 - Channel active
2018-07-03 17:26:39 INFO  ServerConnection:391 - -- Diffie-Hellman complete with 0
2018-07-03 17:26:39 INFO  NettyClientServerCommunicationSystemClientSide:138 - Connecting to replica 2 at /127.0.0.1:13020
2018-07-03 17:26:39 INFO  DeliveryThread:175 - -- Retrieving State
2018-07-03 17:26:39 INFO  NettyTOMMessageDecoder:85 - new NettyTOMMessageDecoder!!, isClient=true
2018-07-03 17:26:39 INFO  NettyTOMMessageDecoder:85 - new NettyTOMMessageDecoder!!, isClient=false
2018-07-03 17:26:39 INFO  NettyClientServerCommunicationSystemServerSide:200 - Session Created, active clients=0
2018-07-03 17:26:39 INFO  NettyClientServerCommunicationSystemServerSide:201 - Session Created, active clients=0
2018-07-03 17:26:39 INFO  TOMLayer:333 - Running.
2018-07-03 17:26:39 INFO  TOMLayer:338 - Next leader for CID=0: 0
2018-07-03 17:26:39 INFO  ServerConnection:391 - -- Diffie-Hellman complete with 3
2018-07-03 17:26:39 INFO  bbcServer:57 - getSnapshot called
2018-07-03 17:26:39 INFO  ServerCommunicationSystem:145 - --------sending----------> bftsmart.statemanagement.strategy.StandardSMMessage@6c3cb677
2018-07-03 17:26:39 INFO  NettyClientServerCommunicationSystemClientSide:266 - Channel active
2018-07-03 17:26:39 INFO  ServerCommunicationSystem:145 - --------sending----------> bftsmart.statemanagement.strategy.StandardSMMessage@6c3cb677
2018-07-03 17:26:39 INFO  NettyClientServerCommunicationSystemClientSide:138 - Connecting to replica 3 at /127.0.0.1:13030
2018-07-03 17:26:39 INFO  ServerConnection:391 - -- Diffie-Hellman complete with 1
2018-07-03 17:26:39 INFO  NettyTOMMessageDecoder:85 - new NettyTOMMessageDecoder!!, isClient=true
2018-07-03 17:26:39 INFO  ServerCommunicationSystem:119 - <-------receiving---------- bftsmart.statemanagement.strategy.StandardSMMessage@6c3cb677
2018-07-03 17:26:39 INFO  NettyTOMMessageDecoder:85 - new NettyTOMMessageDecoder!!, isClient=false
2018-07-03 17:26:39 INFO  ServerCommunicationSystem:145 - --------sending----------> bftsmart.statemanagement.strategy.StandardSMMessage@1ba79158
2018-07-03 17:26:39 INFO  ServerCommunicationSystem:119 - <-------receiving---------- bftsmart.statemanagement.strategy.StandardSMMessage@1ba79158
2018-07-03 17:26:39 INFO  NettyClientServerCommunicationSystemServerSide:200 - Session Created, active clients=0
2018-07-03 17:26:39 INFO  NettyClientServerCommunicationSystemServerSide:201 - Session Created, active clients=0
2018-07-03 17:26:39 WARN  NettyClientServerCommunicationSystemClientSide:144 - Impossible to connect to 3
2018-07-03 17:26:39 INFO  ServerConnection:391 - -- Diffie-Hellman complete with 3
2018-07-03 17:26:39 INFO  ServerConnection:391 - -- Diffie-Hellman complete with 2
2018-07-03 17:26:39 INFO  NettyClientServerCommunicationSystemServerSide:114 - -- ID = 3
2018-07-03 17:26:39 INFO  NettyClientServerCommunicationSystemServerSide:115 - -- N = 4
2018-07-03 17:26:39 INFO  NettyClientServerCommunicationSystemServerSide:116 - -- F = 1
2018-07-03 17:26:39 INFO  NettyClientServerCommunicationSystemServerSide:117 - -- Port = 13030
2018-07-03 17:26:39 INFO  NettyClientServerCommunicationSystemServerSide:118 - -- requestTimeout = 2000
2018-07-03 17:26:39 INFO  NettyClientServerCommunicationSystemServerSide:119 - -- maxBatch = 400
2018-07-03 17:26:39 INFO  NettyClientServerCommunicationSystemServerSide:120 - -- Using MACs
2018-07-03 17:26:39 INFO  ServiceReplica:161 - -- In current view: ID:0; F:1; Processes:0(/127.0.0.1:13000),1(/127.0.0.1:13010),2(/127.0.0.1:13020),3(/127.0.0.1:13030),
2018-07-03 17:26:39 INFO  DeliveryThread:175 - -- Retrieving State
2018-07-03 17:26:39 INFO  TOMLayer:333 - Running.
2018-07-03 17:26:39 INFO  TOMLayer:338 - Next leader for CID=0: 0
2018-07-03 17:26:39 INFO  bbcServer:57 - getSnapshot called
2018-07-03 17:26:39 INFO  ServerCommunicationSystem:145 - --------sending----------> bftsmart.statemanagement.strategy.StandardSMMessage@41e471cb
2018-07-03 17:26:39 INFO  ServerCommunicationSystem:145 - --------sending----------> bftsmart.statemanagement.strategy.StandardSMMessage@41e471cb
2018-07-03 17:26:39 INFO  ServerCommunicationSystem:119 - <-------receiving---------- bftsmart.statemanagement.strategy.StandardSMMessage@41e471cb
2018-07-03 17:26:39 INFO  ServerCommunicationSystem:145 - --------sending----------> bftsmart.statemanagement.strategy.StandardSMMessage@44528d9d
2018-07-03 17:26:39 INFO  ServerCommunicationSystem:119 - <-------receiving---------- bftsmart.statemanagement.strategy.StandardSMMessage@44528d9d
2018-07-03 17:26:39 WARN  RmfNode:41 - *** shutting down gRPC server since JVM is shutting down
2018-07-03 17:26:39 INFO  ShutdownHookThread:99 - 
---------- DEBUG INFO ----------

Current time: 17:26:39.625
Current leader: 0
Current regency: 0

Last finished consensus: None

Consensus in execution: None

---------- ---------- ----------

2018-07-03 17:26:39 WARN  RmfNode:43 - *** server shut down
2018-07-03 17:26:39 WARN  RmfNode:41 - *** shutting down gRPC server since JVM is shutting down
2018-07-03 17:26:39 WARN  RmfNode:43 - *** server shut down
2018-07-03 17:26:39 INFO  ShutdownHookThread:99 - 
---------- DEBUG INFO ----------

Current time: 17:26:39.640
Current leader: 0
Current regency: 0

Last finished consensus: None

Consensus in execution: None

---------- ---------- ----------

2018-07-03 17:26:39 INFO  ShutdownHookThread:99 - 
---------- DEBUG INFO ----------

Current time: 17:26:39.648
Current leader: 0
Current regency: 0

Last finished consensus: None

Consensus in execution: None

---------- ---------- ----------

2018-07-03 17:26:39 INFO  ServerCommunicationSystem:145 - --------sending----------> bftsmart.statemanagement.strategy.StandardSMMessage@352bafb0
2018-07-03 17:26:39 WARN  RmfNode:41 - *** shutting down gRPC server since JVM is shutting down
2018-07-03 17:26:39 WARN  RmfNode:41 - *** shutting down gRPC server since JVM is shutting down
2018-07-03 17:26:39 INFO  ShutdownHookThread:99 - 
---------- DEBUG INFO ----------

Current time: 17:26:39.640
Current leader: 0
Current regency: 0

Last finished consensus: None

Consensus in execution: None

---------- ---------- ----------

2018-07-03 17:26:39 WARN  RmfNode:43 - *** server shut down
2018-07-03 17:26:39 WARN  RmfNode:43 - *** server shut down
